<?xml version="1.0" encoding="UTF-8"?>
<!-- Generated by org.testng.reporters.JUnitReportReporter -->
<testsuite hostname="admindeMacBook-Pro.local" failures="0" tests="2" name="HttpDemo1Test" time="0.131" errors="0" timestamp="7 Jul 2020 11:27:02 GMT">
  <testcase classname="HttpDemo1Test" name="testHttp1" time="0.002"/>
  <testcase classname="HttpDemo1Test" name="testHttp1" time="0.129"/>
</testsuite> <!-- HttpDemo1Test -->
